<?xml version="1.0" encoding="UTF-8"?>
<testng-results ignored="0" total="1" passed="1" failed="0" skipped="0">
  <reporter-output>
    <line>
      <![CDATA[Open Browser]]>
    </line>
    <line>
      <![CDATA[Login To The Application]]>
    </line>
    <line>
      <![CDATA[Create Customer]]>
    </line>
    <line>
      <![CDATA[Logout OF The Appliaction]]>
    </line>
    <line>
      <![CDATA[Close The Browser]]>
    </line>
  </reporter-output>
  <suite started-at="2023-07-21T20:53:55 IST" name="Default suite" finished-at="2023-07-21T20:54:20 IST" duration-ms="24678">
    <groups>
    </groups>
    <test started-at="2023-07-21T20:53:55 IST" name="Default test" finished-at="2023-07-21T20:54:20 IST" duration-ms="24678">
      <class name="com.actitime.testscript.CustomerModule">
        <test-method is-config="true" signature="openBrowser()[pri:0, instance:com.actitime.testscript.CustomerModule@3b0090a4]" started-at="2023-07-21T20:53:55 IST" name="openBrowser" finished-at="2023-07-21T20:53:58 IST" duration-ms="3181" status="PASS">
          <reporter-output>
            <line>
              <![CDATA[Open Browser]]>
            </line>
          </reporter-output>
        </test-method> <!-- openBrowser -->
        <test-method is-config="true" signature="login()[pri:0, instance:com.actitime.testscript.CustomerModule@3b0090a4]" started-at="2023-07-21T20:53:58 IST" name="login" finished-at="2023-07-21T20:54:06 IST" duration-ms="7856" status="PASS">
          <reporter-output>
            <line>
              <![CDATA[Login To The Application]]>
            </line>
          </reporter-output>
        </test-method> <!-- login -->
        <test-method signature="testCreateCustomer()[pri:0, instance:com.actitime.testscript.CustomerModule@3b0090a4]" started-at="2023-07-21T20:54:06 IST" name="testCreateCustomer" finished-at="2023-07-21T20:54:19 IST" duration-ms="13143" status="PASS">
          <reporter-output>
            <line>
              <![CDATA[Create Customer]]>
            </line>
            <line>
              <![CDATA[Logout OF The Appliaction]]>
            </line>
          </reporter-output>
        </test-method> <!-- testCreateCustomer -->
        <test-method is-config="true" signature="logout()[pri:0, instance:com.actitime.testscript.CustomerModule@3b0090a4]" started-at="2023-07-21T20:54:19 IST" name="logout" finished-at="2023-07-21T20:54:19 IST" duration-ms="2" status="PASS">
          <reporter-output>
          </reporter-output>
        </test-method> <!-- logout -->
        <test-method is-config="true" signature="closeBrowser()[pri:0, instance:com.actitime.testscript.CustomerModule@3b0090a4]" started-at="2023-07-21T20:54:19 IST" name="closeBrowser" finished-at="2023-07-21T20:54:20 IST" duration-ms="398" status="PASS">
          <reporter-output>
            <line>
              <![CDATA[Close The Browser]]>
            </line>
          </reporter-output>
        </test-method> <!-- closeBrowser -->
      </class> <!-- com.actitime.testscript.CustomerModule -->
    </test> <!-- Default test -->
  </suite> <!-- Default suite -->
</testng-results>
